C51 COMPILER V9.01   DELAY                                                                 01/04/2015 13:22:33 PAGE 1   


C51 COMPILER V9.01, COMPILATION OF MODULE DELAY
OBJECT MODULE PLACED IN delay.OBJ
COMPILER INVOKED BY: E:\Program Files\Keil\C51\BIN\C51.EXE delay.c BROWSE DEBUG OBJECTEXTEND

line level    source

*** WARNING C500 IN LINE 1 OF DELAY.C: LICENSE ERROR (R208: RENEW LICENSE ID CODE (LIC))

   1          #include "STC15F2K60S2.h"
   2          #include "IIC.h"
   3          #include "delay.h"
   4          #include "modbus.h"
   5          
   6          void delay() 
   7          {
   8   1       ;;
   9   1      }
  10          void delay_ms(unsigned int z)
  11          {
  12   1              unsigned int x,y;
  13   1              for(x=z;x>0;x--)
  14   1                      for(y=110;y>0;y--);
  15   1      }


MODULE INFORMATION:   STATIC OVERLAYABLE
   CODE SIZE        =     31    ----
   CONSTANT SIZE    =   ----    ----
   XDATA SIZE       =   ----    ----
   PDATA SIZE       =   ----    ----
   DATA SIZE        =   ----    ----
   IDATA SIZE       =   ----    ----
   BIT SIZE         =   ----    ----
END OF MODULE INFORMATION.


C51 COMPILATION COMPLETE.  1 WARNING(S),  0 ERROR(S)
